2023-10-13 09:50:19,489 INFO  InMemoryUserRepository [InMemoryUserRepository.java:34] getAll
2023-10-13 09:50:19,491 INFO  InMemoryUserRepository [InMemoryUserRepository.java:22] save User (id=null, email=email@mail.ru, name=userName, enabled=true, roles=[ROLE_ADMIN], caloriesPerDay=2000)
2023-10-13 10:02:23,135 INFO  AdminRestController [AbstractUserController.java:31] create User (id=null, email=email@mail.ru, name=userName, enabled=true, roles=[ROLE_ADMIN], caloriesPerDay=2000)
2023-10-13 10:02:23,161 INFO  InMemoryUserRepository [InMemoryUserRepository.java:24] save User (id=null, email=email@mail.ru, name=userName, enabled=true, roles=[ROLE_ADMIN], caloriesPerDay=2000)
2023-10-13 10:34:31,139 INFO  AdminRestController [AbstractUserController.java:31] create User (id=null, email=email@mail.ru, name=userName, enabled=true, roles=[ROLE_ADMIN], caloriesPerDay=2000)
2023-10-13 10:34:31,153 INFO  MealRestController [MealRestController.java:75] getBetween dates(2015-05-30 - 2015-05-31) time(07:00 - 11:00) for user 1
2023-10-13 11:11:32,217 INFO  AdminRestController [AbstractUserController.java:37] delete 1
2023-10-13 11:11:32,225 INFO  AdminRestController [AbstractUserController.java:37] delete 10
2023-10-13 11:16:40,293 INFO  AdminRestController [AbstractUserController.java:37] delete 1
2023-10-13 11:16:40,296 INFO  AdminRestController [AbstractUserController.java:21] getAll
2023-10-13 11:19:59,709 INFO  DefaultTestContextBootstrapper [AbstractTestContextBootstrapper.java:248] Loaded default TestExecutionListener class names from location [META-INF/spring.factories]: [org.springframework.test.context.web.ServletTestExecutionListener, org.springframework.test.context.support.DirtiesContextBeforeModesTestExecutionListener, org.springframework.test.context.support.DependencyInjectionTestExecutionListener, org.springframework.test.context.support.DirtiesContextTestExecutionListener, org.springframework.test.context.transaction.TransactionalTestExecutionListener, org.springframework.test.context.jdbc.SqlScriptsTestExecutionListener, org.springframework.test.context.event.EventPublishingTestExecutionListener]
2023-10-13 11:19:59,716 INFO  DefaultTestContextBootstrapper [AbstractTestContextBootstrapper.java:177] Using TestExecutionListeners: [org.springframework.test.context.support.DirtiesContextBeforeModesTestExecutionListener@12299890, org.springframework.test.context.support.DependencyInjectionTestExecutionListener@2fba3fc4, org.springframework.test.context.support.DirtiesContextTestExecutionListener@4bf48f6, org.springframework.test.context.event.EventPublishingTestExecutionListener@420a85c4]
2023-10-13 11:19:59,972 INFO  AdminRestController [AbstractUserController.java:37] delete 1
2023-10-13 11:19:59,973 INFO  AdminRestController [AbstractUserController.java:21] getAll
2023-10-13 11:19:59,977 INFO  AdminRestController [AbstractUserController.java:37] delete 10
2023-10-13 12:18:29,606 WARN  o.s.context.support.ClassPathXmlApplicationContext.refresh:559 - Exception encountered during context initialization - cancelling refresh attempt: org.springframework.beans.factory.UnsatisfiedDependencyException: Error creating bean with name 'jdbcUserRepository' defined in file [/home/kokosik/TopJava/Calculator/target/classes/ru/javawebinar/topjava/repository/jdbc/JdbcUserRepository.class]: Unsatisfied dependency expressed through constructor parameter 0; nested exception is org.springframework.beans.factory.NoSuchBeanDefinitionException: No qualifying bean of type 'org.springframework.jdbc.core.JdbcTemplate' available: expected at least 1 bean which qualifies as autowire candidate. Dependency annotations: {}
2023-10-19 11:47:06,284 INFO  o.s.d.r.config.RepositoryConfigurationDelegate.registerRepositoriesIn:127 - Bootstrapping Spring Data JPA repositories in DEFAULT mode.
2023-10-19 11:47:06,507 INFO  o.s.d.r.config.RepositoryConfigurationDelegate.registerRepositoriesIn:187 - Finished Spring Data repository scanning in 78ms. Found 2 JPA repository interfaces.
2023-10-19 11:47:23,586 INFO  o.s.d.r.config.RepositoryConfigurationDelegate.registerRepositoriesIn:127 - Bootstrapping Spring Data JPA repositories in DEFAULT mode.
2023-10-19 11:47:23,737 INFO  o.s.d.r.config.RepositoryConfigurationDelegate.registerRepositoriesIn:187 - Finished Spring Data repository scanning in 119ms. Found 2 JPA repository interfaces.
2023-10-19 11:47:24,324 INFO  org.ehcache.core.EhcacheManager.createCache:305 - Cache 'users' created in EhcacheManager.
2023-10-19 11:47:24,344 INFO  org.ehcache.jsr107.Eh107CacheManager.registerObject:378 - Registering Ehcache MBean javax.cache:type=CacheStatistics,CacheManager=file./opt/goinfre/tandraym/JavaSpring/SpringFood/target/classes/cache/ehcache.xml,Cache=users
2023-10-19 11:47:24,362 INFO  org.ehcache.jsr107.Eh107CacheManager.registerObject:378 - Registering Ehcache MBean javax.cache:type=CacheStatistics,CacheManager=file./opt/goinfre/tandraym/JavaSpring/SpringFood/target/classes/cache/ehcache.xml,Cache=users
2023-10-19 11:47:24,379 WARN  o.s.context.support.GenericApplicationContext.refresh:559 - Exception encountered during context initialization - cancelling refresh attempt: org.springframework.beans.factory.BeanCreationException: Error creating bean with name 'entityManagerFactory' defined in class path resource [spring/spring-db.xml]: Cannot resolve reference to bean 'dataSource' while setting bean property 'dataSource'; nested exception is org.springframework.beans.factory.CannotLoadBeanClassException: Cannot find class [org.apache.tomcat.jdbc.pool.DataSource] for bean with name 'dataSource' defined in class path resource [spring/spring-db.xml]; nested exception is java.lang.ClassNotFoundException: org.apache.tomcat.jdbc.pool.DataSource
Related cause: org.springframework.beans.factory.CannotLoadBeanClassException: Cannot find class [org.apache.tomcat.jdbc.pool.DataSource] for bean with name 'dataSource' defined in class path resource [spring/spring-db.xml]; nested exception is java.lang.ClassNotFoundException: org.apache.tomcat.jdbc.pool.DataSource
2023-10-19 11:47:24,383 INFO  org.ehcache.core.EhcacheManager.removeCache:216 - Cache 'users' removed from EhcacheManager.
2023-10-19 12:45:32,763 INFO  o.s.d.r.config.RepositoryConfigurationDelegate.registerRepositoriesIn:127 - Bootstrapping Spring Data JPA repositories in DEFAULT mode.
2023-10-19 12:45:32,876 INFO  o.s.d.r.config.RepositoryConfigurationDelegate.registerRepositoriesIn:187 - Finished Spring Data repository scanning in 92ms. Found 2 JPA repository interfaces.
2023-10-19 12:45:33,454 INFO  org.ehcache.core.EhcacheManager.createCache:305 - Cache 'users' created in EhcacheManager.
2023-10-19 12:45:33,473 INFO  org.ehcache.jsr107.Eh107CacheManager.registerObject:378 - Registering Ehcache MBean javax.cache:type=CacheStatistics,CacheManager=file./opt/goinfre/tandraym/JavaSpring/SpringFood/target/classes/cache/ehcache.xml,Cache=users
2023-10-19 12:45:33,491 INFO  org.ehcache.jsr107.Eh107CacheManager.registerObject:378 - Registering Ehcache MBean javax.cache:type=CacheStatistics,CacheManager=file./opt/goinfre/tandraym/JavaSpring/SpringFood/target/classes/cache/ehcache.xml,Cache=users
2023-10-19 12:45:33,510 WARN  o.s.context.support.GenericXmlApplicationContext.refresh:559 - Exception encountered during context initialization - cancelling refresh attempt: org.springframework.beans.factory.BeanCreationException: Error creating bean with name 'entityManagerFactory' defined in class path resource [spring/spring-db.xml]: Cannot resolve reference to bean 'dataSource' while setting bean property 'dataSource'; nested exception is org.springframework.beans.factory.CannotLoadBeanClassException: Cannot find class [org.apache.tomcat.jdbc.pool.DataSource] for bean with name 'dataSource' defined in class path resource [spring/spring-db.xml]; nested exception is java.lang.ClassNotFoundException: org.apache.tomcat.jdbc.pool.DataSource
Related cause: org.springframework.beans.factory.CannotLoadBeanClassException: Cannot find class [org.apache.tomcat.jdbc.pool.DataSource] for bean with name 'dataSource' defined in class path resource [spring/spring-db.xml]; nested exception is java.lang.ClassNotFoundException: org.apache.tomcat.jdbc.pool.DataSource
2023-10-19 12:45:33,513 INFO  org.ehcache.core.EhcacheManager.removeCache:216 - Cache 'users' removed from EhcacheManager.
